
*** Running vivado
    with args -log seven_segment_display.vds -m64 -product Vivado -mode batch -messageDb vivado.pb -notrace -source seven_segment_display.tcl



****** Vivado v2024.2 (64-bit)
  **** SW Build 5239630 on Fri Nov 08 22:35:27 MST 2024
  **** IP Build 5239520 on Sun Nov 10 16:12:51 MST 2024
  **** SharedData Build 5239561 on Fri Nov 08 14:39:27 MST 2024
  **** Start of session at: Fri Jan 31 23:51:41 2025
    ** Copyright 1986-2022 Xilinx, Inc. All Rights Reserved.
    ** Copyright 2022-2024 Advanced Micro Devices, Inc. All Rights Reserved.

source seven_segment_display.tcl -notrace
Command: read_checkpoint -auto_incremental -incremental C:/ProjectsInProgress/Vivado/muxed7seg/muxed7seg.srcs/utils_1/imports/synth_1/seven_segment_display.dcp
INFO: [Vivado 12-5825] Read reference checkpoint from C:/ProjectsInProgress/Vivado/muxed7seg/muxed7seg.srcs/utils_1/imports/synth_1/seven_segment_display.dcp for incremental synthesis
INFO: [Vivado 12-7989] Please ensure there are no constraint changes
Command: synth_design -top seven_segment_display -part xc7s50csga324-1
Starting synth_design
Attempting to get a license for feature 'Synthesis' and/or device 'xc7s50'
INFO: [Common 17-349] Got license for feature 'Synthesis' and/or device 'xc7s50'
INFO: [Device 21-403] Loading part xc7s50csga324-1
INFO: [Designutils 20-5440] No compile time benefit to using incremental synthesis; A full resynthesis will be run
INFO: [Designutils 20-4379] Flow is switching to default flow due to incremental criteria not met. If you would like to alter this behaviour and have the flow terminate instead, please set the following parameter config_implementation {autoIncr.Synth.RejectBehavior Terminate}
INFO: [Synth 8-7079] Multithreading enabled for synth_design using a maximum of 2 processes.
INFO: [Synth 8-7078] Launching helper process for spawning children vivado processes
INFO: [Synth 8-7075] Helper process launched with PID 13152
---------------------------------------------------------------------------------
Starting RTL Elaboration : Time (s): cpu = 00:00:17 ; elapsed = 00:00:18 . Memory (MB): peak = 1009.609 ; gain = 467.133
---------------------------------------------------------------------------------
WARNING: [Synth 8-10929] literal value 'b11111111 truncated to fit in 7 bits [C:/ProjectsInProgress/Vivado/muxed7seg/muxed7seg.srcs/sources_1/new/segmentDecoder.v:42]
INFO: [Synth 8-6157] synthesizing module 'seven_segment_display' [C:/ProjectsInProgress/Vivado/muxed7seg/muxed7seg.srcs/sources_1/new/seven_segment_display.v:2]
INFO: [Synth 8-6157] synthesizing module 'segment_decoder' [C:/ProjectsInProgress/Vivado/muxed7seg/muxed7seg.srcs/sources_1/new/segmentDecoder.v:3]
INFO: [Synth 8-226] default block is never used [C:/ProjectsInProgress/Vivado/muxed7seg/muxed7seg.srcs/sources_1/new/segmentDecoder.v:9]
INFO: [Synth 8-6155] done synthesizing module 'segment_decoder' (0#1) [C:/ProjectsInProgress/Vivado/muxed7seg/muxed7seg.srcs/sources_1/new/segmentDecoder.v:3]
WARNING: [Synth 8-689] width (7) of port connection 'segments' does not match port width (8) of module 'segment_decoder' [C:/ProjectsInProgress/Vivado/muxed7seg/muxed7seg.srcs/sources_1/new/seven_segment_display.v:26]
INFO: [Synth 8-6155] done synthesizing module 'seven_segment_display' (0#1) [C:/ProjectsInProgress/Vivado/muxed7seg/muxed7seg.srcs/sources_1/new/seven_segment_display.v:2]
---------------------------------------------------------------------------------
Finished RTL Elaboration : Time (s): cpu = 00:00:22 ; elapsed = 00:00:24 . Memory (MB): peak = 1114.559 ; gain = 572.082
---------------------------------------------------------------------------------
---------------------------------------------------------------------------------
Start Handling Custom Attributes
---------------------------------------------------------------------------------
---------------------------------------------------------------------------------
Finished Handling Custom Attributes : Time (s): cpu = 00:00:22 ; elapsed = 00:00:24 . Memory (MB): peak = 1114.559 ; gain = 572.082
---------------------------------------------------------------------------------
---------------------------------------------------------------------------------
Finished RTL Optimization Phase 1 : Time (s): cpu = 00:00:22 ; elapsed = 00:00:24 . Memory (MB): peak = 1114.559 ; gain = 572.082
---------------------------------------------------------------------------------
Netlist sorting complete. Time (s): cpu = 00:00:00 ; elapsed = 00:00:00.003 . Memory (MB): peak = 1114.559 ; gain = 0.000
INFO: [Project 1-570] Preparing netlist for logic optimization

Processing XDC Constraints
Initializing timing engine
Parsing XDC File [C:/ProjectsInProgress/Vivado/muxed7seg/muxed7seg.srcs/constrs_1/new/Spartan7.xdc]
WARNING: [Vivado 12-584] No ports matched 'segments[7]'. [C:/ProjectsInProgress/Vivado/muxed7seg/muxed7seg.srcs/constrs_1/new/Spartan7.xdc:9]
CRITICAL WARNING: [Common 17-55] 'set_property' expects at least one object. [C:/ProjectsInProgress/Vivado/muxed7seg/muxed7seg.srcs/constrs_1/new/Spartan7.xdc:9]
Resolution: If [get_<value>] was used to populate the object, check to make sure this command returns at least one valid object.
Finished Parsing XDC File [C:/ProjectsInProgress/Vivado/muxed7seg/muxed7seg.srcs/constrs_1/new/Spartan7.xdc]
INFO: [Project 1-236] Implementation specific constraints were found while reading constraint file [C:/ProjectsInProgress/Vivado/muxed7seg/muxed7seg.srcs/constrs_1/new/Spartan7.xdc]. These constraints will be ignored for synthesis but will be used in implementation. Impacted constraints are listed in the file [.Xil/seven_segment_display_propImpl.xdc].
Resolution: To avoid this warning, move constraints listed in [.Xil/seven_segment_display_propImpl.xdc] to another XDC file and exclude this new file from synthesis with the used_in_synthesis property (File Properties dialog in GUI) and re-run elaboration/synthesis.
Completed Processing XDC Constraints

Netlist sorting complete. Time (s): cpu = 00:00:00 ; elapsed = 00:00:00 . Memory (MB): peak = 1168.043 ; gain = 0.000
INFO: [Project 1-111] Unisim Transformation Summary:
No Unisim elements were transformed.

Constraint Validation Runtime : Time (s): cpu = 00:00:00 ; elapsed = 00:00:00.004 . Memory (MB): peak = 1168.043 ; gain = 0.000
INFO: [Designutils 20-5440] No compile time benefit to using incremental synthesis; A full resynthesis will be run
INFO: [Designutils 20-4379] Flow is switching to default flow due to incremental criteria not met. If you would like to alter this behaviour and have the flow terminate instead, please set the following parameter config_implementation {autoIncr.Synth.RejectBehavior Terminate}
---------------------------------------------------------------------------------
Finished Constraint Validation : Time (s): cpu = 00:00:46 ; elapsed = 00:00:48 . Memory (MB): peak = 1168.043 ; gain = 625.566
---------------------------------------------------------------------------------
---------------------------------------------------------------------------------
Start Loading Part and Timing Information
---------------------------------------------------------------------------------
Loading part: xc7s50csga324-1
---------------------------------------------------------------------------------
Finished Loading Part and Timing Information : Time (s): cpu = 00:00:46 ; elapsed = 00:00:48 . Memory (MB): peak = 1168.043 ; gain = 625.566
---------------------------------------------------------------------------------
---------------------------------------------------------------------------------
Start Applying 'set_property' XDC Constraints
---------------------------------------------------------------------------------
---------------------------------------------------------------------------------
Finished applying 'set_property' XDC Constraints : Time (s): cpu = 00:00:46 ; elapsed = 00:00:49 . Memory (MB): peak = 1168.043 ; gain = 625.566
---------------------------------------------------------------------------------
---------------------------------------------------------------------------------
Finished RTL Optimization Phase 2 : Time (s): cpu = 00:00:47 ; elapsed = 00:00:49 . Memory (MB): peak = 1168.043 ; gain = 625.566
---------------------------------------------------------------------------------
---------------------------------------------------------------------------------
Start RTL Component Statistics 
---------------------------------------------------------------------------------
Detailed RTL Component Info : 
+---Adders : 
	   2 Input   15 Bit       Adders := 1     
	   2 Input    2 Bit       Adders := 1     
+---Registers : 
	               15 Bit    Registers := 1     
	                2 Bit    Registers := 1     
+---Muxes : 
	   4 Input    4 Bit        Muxes := 1     
	   2 Input    2 Bit        Muxes := 1     
---------------------------------------------------------------------------------
Finished RTL Component Statistics 
---------------------------------------------------------------------------------
---------------------------------------------------------------------------------
Start Part Resource Summary
---------------------------------------------------------------------------------
Part Resources:
DSPs: 120 (col length:60)
BRAMs: 150 (col length: RAMB18 60 RAMB36 30)
---------------------------------------------------------------------------------
Finished Part Resource Summary
---------------------------------------------------------------------------------
---------------------------------------------------------------------------------
Start Cross Boundary and Area Optimization
---------------------------------------------------------------------------------
WARNING: [Synth 8-7080] Parallel synthesis criteria is not met
---------------------------------------------------------------------------------
Finished Cross Boundary and Area Optimization : Time (s): cpu = 00:00:55 ; elapsed = 00:00:57 . Memory (MB): peak = 1168.043 ; gain = 625.566
---------------------------------------------------------------------------------
---------------------------------------------------------------------------------
Start Applying XDC Timing Constraints
---------------------------------------------------------------------------------
---------------------------------------------------------------------------------
Finished Applying XDC Timing Constraints : Time (s): cpu = 00:01:14 ; elapsed = 00:01:17 . Memory (MB): peak = 1314.723 ; gain = 772.246
---------------------------------------------------------------------------------
---------------------------------------------------------------------------------
Start Timing Optimization
---------------------------------------------------------------------------------
---------------------------------------------------------------------------------
Finished Timing Optimization : Time (s): cpu = 00:01:14 ; elapsed = 00:01:17 . Memory (MB): peak = 1334.352 ; gain = 791.875
---------------------------------------------------------------------------------
---------------------------------------------------------------------------------
Start Technology Mapping
---------------------------------------------------------------------------------
---------------------------------------------------------------------------------
Finished Technology Mapping : Time (s): cpu = 00:01:14 ; elapsed = 00:01:17 . Memory (MB): peak = 1334.352 ; gain = 791.875
---------------------------------------------------------------------------------
---------------------------------------------------------------------------------
Start IO Insertion
---------------------------------------------------------------------------------
---------------------------------------------------------------------------------
Start Flattening Before IO Insertion
---------------------------------------------------------------------------------
---------------------------------------------------------------------------------
Finished Flattening Before IO Insertion
---------------------------------------------------------------------------------
---------------------------------------------------------------------------------
Start Final Netlist Cleanup
---------------------------------------------------------------------------------
---------------------------------------------------------------------------------
Finished Final Netlist Cleanup
---------------------------------------------------------------------------------
---------------------------------------------------------------------------------
Finished IO Insertion : Time (s): cpu = 00:01:29 ; elapsed = 00:01:33 . Memory (MB): peak = 1541.332 ; gain = 998.855
---------------------------------------------------------------------------------
---------------------------------------------------------------------------------
Start Renaming Generated Instances
---------------------------------------------------------------------------------
---------------------------------------------------------------------------------
Finished Renaming Generated Instances : Time (s): cpu = 00:01:29 ; elapsed = 00:01:33 . Memory (MB): peak = 1541.332 ; gain = 998.855
---------------------------------------------------------------------------------
---------------------------------------------------------------------------------
Start Rebuilding User Hierarchy
---------------------------------------------------------------------------------
---------------------------------------------------------------------------------
Finished Rebuilding User Hierarchy : Time (s): cpu = 00:01:29 ; elapsed = 00:01:33 . Memory (MB): peak = 1541.332 ; gain = 998.855
---------------------------------------------------------------------------------
---------------------------------------------------------------------------------
Start Renaming Generated Ports
---------------------------------------------------------------------------------
---------------------------------------------------------------------------------
Finished Renaming Generated Ports : Time (s): cpu = 00:01:29 ; elapsed = 00:01:33 . Memory (MB): peak = 1541.332 ; gain = 998.855
---------------------------------------------------------------------------------
---------------------------------------------------------------------------------
Start Handling Custom Attributes
---------------------------------------------------------------------------------
---------------------------------------------------------------------------------
Finished Handling Custom Attributes : Time (s): cpu = 00:01:29 ; elapsed = 00:01:33 . Memory (MB): peak = 1541.332 ; gain = 998.855
---------------------------------------------------------------------------------
---------------------------------------------------------------------------------
Start Renaming Generated Nets
---------------------------------------------------------------------------------
---------------------------------------------------------------------------------
Finished Renaming Generated Nets : Time (s): cpu = 00:01:29 ; elapsed = 00:01:33 . Memory (MB): peak = 1541.332 ; gain = 998.855
---------------------------------------------------------------------------------
---------------------------------------------------------------------------------
Start Writing Synthesis Report
---------------------------------------------------------------------------------

Report BlackBoxes: 
+-+--------------+----------+
| |BlackBox name |Instances |
+-+--------------+----------+
+-+--------------+----------+

Report Cell Usage: 
+------+-------+------+
|      |Cell   |Count |
+------+-------+------+
|1     |BUFG   |     1|
|2     |CARRY4 |     4|
|3     |LUT2   |     5|
|4     |LUT4   |     9|
|5     |LUT5   |    15|
|6     |LUT6   |     7|
|7     |FDCE   |    17|
|8     |IBUF   |    18|
|9     |OBUF   |    11|
+------+-------+------+
---------------------------------------------------------------------------------
Finished Writing Synthesis Report : Time (s): cpu = 00:01:29 ; elapsed = 00:01:33 . Memory (MB): peak = 1541.332 ; gain = 998.855
---------------------------------------------------------------------------------
Synthesis finished with 0 errors, 0 critical warnings and 1 warnings.
Synthesis Optimization Runtime : Time (s): cpu = 00:01:01 ; elapsed = 00:01:27 . Memory (MB): peak = 1541.332 ; gain = 945.371
Synthesis Optimization Complete : Time (s): cpu = 00:01:29 ; elapsed = 00:01:33 . Memory (MB): peak = 1541.332 ; gain = 998.855
INFO: [Project 1-571] Translating synthesized netlist
Netlist sorting complete. Time (s): cpu = 00:00:00 ; elapsed = 00:00:00.002 . Memory (MB): peak = 1550.488 ; gain = 0.000
INFO: [Netlist 29-17] Analyzing 4 Unisim elements for replacement
INFO: [Netlist 29-28] Unisim Transformation completed in 0 CPU seconds
INFO: [Project 1-570] Preparing netlist for logic optimization
INFO: [Opt 31-138] Pushed 0 inverter(s) to 0 load pin(s).
Netlist sorting complete. Time (s): cpu = 00:00:00 ; elapsed = 00:00:00 . Memory (MB): peak = 1554.211 ; gain = 0.000
INFO: [Project 1-111] Unisim Transformation Summary:
No Unisim elements were transformed.

Synth Design complete | Checksum: e4967ac1
INFO: [Common 17-83] Releasing license: Synthesis
26 Infos, 4 Warnings, 1 Critical Warnings and 0 Errors encountered.
synth_design completed successfully
synth_design: Time (s): cpu = 00:01:40 ; elapsed = 00:01:49 . Memory (MB): peak = 1554.211 ; gain = 1184.820
INFO: [runtcl-6] Synthesis results are not added to the cache due to CRITICAL_WARNING
Write ShapeDB Complete: Time (s): cpu = 00:00:00 ; elapsed = 00:00:00.003 . Memory (MB): peak = 1554.211 ; gain = 0.000
INFO: [Common 17-1381] The checkpoint 'C:/ProjectsInProgress/Vivado/muxed7seg/muxed7seg.runs/synth_1/seven_segment_display.dcp' has been generated.
INFO: [Vivado 12-24828] Executing command : report_utilization -file seven_segment_display_utilization_synth.rpt -pb seven_segment_display_utilization_synth.pb
INFO: [Common 17-206] Exiting Vivado at Fri Jan 31 23:53:41 2025...
